2021-09-11 05:23:12:287 [INFO ] [o.h.v.i.u.Version] [background-preinit] - HV000001: Hibernate Validator 6.2.0.Final
2021-09-11 05:23:12:331 [INFO ] [o.s.b.StartupInfoLogger] [restartedMain] - Starting EnvironmentApplication using Java 11.0.10 on DESKTOP-DG4VNB1 with PID 24308 (C:\Users\tntnq\OneDrive\바탕 화면\동아리프로젝트\EnvironmentProject-2021\DevelopTest\passion1\build\classes\java\main started by tntnq in C:\Users\tntnq\OneDrive\바탕 화면\동아리프로젝트\EnvironmentProject-2021\DevelopTest\passion1)
2021-09-11 05:23:12:335 [INFO ] [o.s.b.SpringApplication] [restartedMain] - The following profiles are active: oauth
2021-09-11 05:23:12:384 [INFO ] [o.s.b.l.DeferredLog] [restartedMain] - The Class-Path manifest attribute in C:\Users\tntnq\.gradle\caches\modules-2\files-2.1\com.oracle.database.jdbc\ojdbc8\21.1.0.0\50044485aea10afd7defeee8109c5195b4d3cae2\ojdbc8-21.1.0.0.jar referenced one or more files that do not exist: file:/C:/Users/tntnq/.gradle/caches/modules-2/files-2.1/com.oracle.database.jdbc/ojdbc8/21.1.0.0/50044485aea10afd7defeee8109c5195b4d3cae2/oraclepki.jar
2021-09-11 05:23:12:385 [INFO ] [o.s.b.l.DeferredLog] [restartedMain] - Devtools property defaults active! Set 'spring.devtools.add-properties' to 'false' to disable
2021-09-11 05:23:12:385 [INFO ] [o.s.b.l.DeferredLog] [restartedMain] - For additional web related logging consider setting the 'logging.level.web' property to 'DEBUG'
2021-09-11 05:23:13:250 [INFO ] [o.s.d.r.c.RepositoryConfigurationDelegate] [restartedMain] - Bootstrapping Spring Data JDBC repositories in DEFAULT mode.
2021-09-11 05:23:13:279 [INFO ] [o.s.d.r.c.RepositoryConfigurationDelegate] [restartedMain] - Finished Spring Data repository scanning in 22 ms. Found 0 JDBC repository interfaces.
2021-09-11 05:23:13:429 [WARN ] [o.m.l.Logger] [restartedMain] - No MyBatis mapper was found in '[passion.springboot.environment]' package. Please check your configuration.
2021-09-11 05:23:13:868 [INFO ] [o.s.b.w.e.t.TomcatWebServer] [restartedMain] - Tomcat initialized with port(s): 8888 (http)
2021-09-11 05:23:13:879 [INFO ] [o.a.j.l.DirectJDKLog] [restartedMain] - Initializing ProtocolHandler ["http-nio-8888"]
2021-09-11 05:23:13:879 [INFO ] [o.a.j.l.DirectJDKLog] [restartedMain] - Starting service [Tomcat]
2021-09-11 05:23:13:880 [INFO ] [o.a.j.l.DirectJDKLog] [restartedMain] - Starting Servlet engine: [Apache Tomcat/9.0.48]
2021-09-11 05:23:13:973 [INFO ] [o.a.j.l.DirectJDKLog] [restartedMain] - Initializing Spring embedded WebApplicationContext
2021-09-11 05:23:13:974 [INFO ] [o.s.b.w.s.c.ServletWebServerApplicationContext] [restartedMain] - Root WebApplicationContext: initialization completed in 1587 ms
2021-09-11 05:23:14:091 [INFO ] [c.z.h.HikariDataSource] [restartedMain] - HikariPool-1 - Starting...
2021-09-11 05:23:14:313 [INFO ] [c.z.h.HikariDataSource] [restartedMain] - HikariPool-1 - Start completed.
2021-09-11 05:23:15:226 [INFO ] [o.s.b.d.a.OptionalLiveReloadServer] [restartedMain] - LiveReload server is running on port 35729
2021-09-11 05:23:15:243 [INFO ] [o.a.j.l.DirectJDKLog] [restartedMain] - Starting ProtocolHandler ["http-nio-8888"]
2021-09-11 05:23:15:256 [INFO ] [o.s.b.w.e.t.TomcatWebServer] [restartedMain] - Tomcat started on port(s): 8888 (http) with context path ''
2021-09-11 05:23:15:267 [INFO ] [o.s.b.StartupInfoLogger] [restartedMain] - Started EnvironmentApplication in 3.369 seconds (JVM running for 5.207)
2021-09-11 05:23:29:988 [INFO ] [o.a.j.l.DirectJDKLog] [http-nio-8888-exec-1] - Initializing Spring DispatcherServlet 'dispatcherServlet'
2021-09-11 05:23:29:988 [INFO ] [o.s.w.s.FrameworkServlet] [http-nio-8888-exec-1] - Initializing Servlet 'dispatcherServlet'
2021-09-11 05:23:29:989 [INFO ] [o.s.w.s.FrameworkServlet] [http-nio-8888-exec-1] - Completed initialization in 1 ms
2021-09-11 05:23:40:004 [WARN ] [o.a.j.l.DirectJDKLog] [http-nio-8888-exec-1] - Creation of SecureRandom instance for session ID generation using [SHA1PRNG] took [486] milliseconds.
2021-09-11 05:23:40:081 [ERROR] [o.a.j.l.DirectJDKLog] [http-nio-8888-exec-1] - Servlet.service() for servlet [dispatcherServlet] in context with path [] threw exception [Request processing failed; nested exception is org.springframework.jdbc.BadSqlGrammarException: PreparedStatementCallback; bad SQL grammar [insert into member(id, email, pw, name,birth, phone, address, adress2) values(seq_member.nextval,?,?,?,?,?)]; nested exception is java.sql.SQLSyntaxErrorException: ORA-00947: not enough values
] with root cause
oracle.jdbc.OracleDatabaseException: ORA-00947: not enough values

	at oracle.jdbc.driver.T4CTTIoer11.processError(T4CTTIoer11.java:632) ~[ojdbc8-21.1.0.0.jar:21.1.0.0.0]
	at oracle.jdbc.driver.T4CTTIoer11.processError(T4CTTIoer11.java:562) ~[ojdbc8-21.1.0.0.jar:21.1.0.0.0]
	at oracle.jdbc.driver.T4C8Oall.processError(T4C8Oall.java:1145) ~[ojdbc8-21.1.0.0.jar:21.1.0.0.0]
	at oracle.jdbc.driver.T4CTTIfun.receive(T4CTTIfun.java:726) ~[ojdbc8-21.1.0.0.jar:21.1.0.0.0]
	at oracle.jdbc.driver.T4CTTIfun.doRPC(T4CTTIfun.java:291) ~[ojdbc8-21.1.0.0.jar:21.1.0.0.0]
	at oracle.jdbc.driver.T4C8Oall.doOALL(T4C8Oall.java:492) ~[ojdbc8-21.1.0.0.jar:21.1.0.0.0]
	at oracle.jdbc.driver.T4CPreparedStatement.doOall8(T4CPreparedStatement.java:148) ~[ojdbc8-21.1.0.0.jar:21.1.0.0.0]
	at oracle.jdbc.driver.T4CPreparedStatement.executeForRows(T4CPreparedStatement.java:1038) ~[ojdbc8-21.1.0.0.jar:21.1.0.0.0]
	at oracle.jdbc.driver.OracleStatement.executeSQLStatement(OracleStatement.java:1507) ~[ojdbc8-21.1.0.0.jar:21.1.0.0.0]
	at oracle.jdbc.driver.OracleStatement.doExecuteWithTimeout(OracleStatement.java:1287) ~[ojdbc8-21.1.0.0.jar:21.1.0.0.0]
	at oracle.jdbc.driver.OraclePreparedStatement.executeInternal(OraclePreparedStatement.java:3735) ~[ojdbc8-21.1.0.0.jar:21.1.0.0.0]
	at oracle.jdbc.driver.OraclePreparedStatement.executeLargeUpdate(OraclePreparedStatement.java:3910) ~[ojdbc8-21.1.0.0.jar:21.1.0.0.0]
	at oracle.jdbc.driver.OraclePreparedStatement.executeUpdate(OraclePreparedStatement.java:3889) ~[ojdbc8-21.1.0.0.jar:21.1.0.0.0]
	at oracle.jdbc.driver.OraclePreparedStatementWrapper.executeUpdate(OraclePreparedStatementWrapper.java:992) ~[ojdbc8-21.1.0.0.jar:21.1.0.0.0]
	at com.zaxxer.hikari.pool.ProxyPreparedStatement.executeUpdate(ProxyPreparedStatement.java:61) ~[HikariCP-4.0.3.jar:?]
	at com.zaxxer.hikari.pool.HikariProxyPreparedStatement.executeUpdate(HikariProxyPreparedStatement.java) ~[HikariCP-4.0.3.jar:?]
	at org.springframework.jdbc.core.JdbcTemplate.lambda$update$2(JdbcTemplate.java:965) ~[spring-jdbc-5.3.8.jar:5.3.8]
	at org.springframework.jdbc.core.JdbcTemplate.execute(JdbcTemplate.java:651) ~[spring-jdbc-5.3.8.jar:5.3.8]
	at org.springframework.jdbc.core.JdbcTemplate.update(JdbcTemplate.java:960) ~[spring-jdbc-5.3.8.jar:5.3.8]
	at org.springframework.jdbc.core.JdbcTemplate.update(JdbcTemplate.java:1015) ~[spring-jdbc-5.3.8.jar:5.3.8]
	at org.springframework.jdbc.core.JdbcTemplate.update(JdbcTemplate.java:1025) ~[spring-jdbc-5.3.8.jar:5.3.8]
	at passion.springboot.environment.repository.MemberRepositoryImpl.create(MemberRepositoryImpl.java:37) ~[main/:?]
	at passion.springboot.environment.repository.MemberRepositoryImpl$$FastClassBySpringCGLIB$$8464ceb5.invoke(<generated>) ~[main/:?]
	at org.springframework.cglib.proxy.MethodProxy.invoke(MethodProxy.java:218) ~[spring-core-5.3.8.jar:5.3.8]
	at org.springframework.aop.framework.CglibAopProxy$CglibMethodInvocation.invokeJoinpoint(CglibAopProxy.java:779) ~[spring-aop-5.3.8.jar:5.3.8]
	at org.springframework.aop.framework.ReflectiveMethodInvocation.proceed(ReflectiveMethodInvocation.java:163) ~[spring-aop-5.3.8.jar:5.3.8]
	at org.springframework.aop.framework.CglibAopProxy$CglibMethodInvocation.proceed(CglibAopProxy.java:750) ~[spring-aop-5.3.8.jar:5.3.8]
	at org.springframework.dao.support.PersistenceExceptionTranslationInterceptor.invoke(PersistenceExceptionTranslationInterceptor.java:137) ~[spring-tx-5.3.8.jar:5.3.8]
	at org.springframework.aop.framework.ReflectiveMethodInvocation.proceed(ReflectiveMethodInvocation.java:186) ~[spring-aop-5.3.8.jar:5.3.8]
	at org.springframework.aop.framework.CglibAopProxy$CglibMethodInvocation.proceed(CglibAopProxy.java:750) ~[spring-aop-5.3.8.jar:5.3.8]
	at org.springframework.aop.framework.CglibAopProxy$DynamicAdvisedInterceptor.intercept(CglibAopProxy.java:692) ~[spring-aop-5.3.8.jar:5.3.8]
	at passion.springboot.environment.repository.MemberRepositoryImpl$$EnhancerBySpringCGLIB$$918cafa.create(<generated>) ~[main/:?]
	at passion.springboot.environment.Service.MemberServiceImpl.postMember(MemberServiceImpl.java:47) ~[main/:?]
	at passion.springboot.environment.controller.MemberController.signup(MemberController.java:61) ~[main/:?]
	at jdk.internal.reflect.NativeMethodAccessorImpl.invoke0(Native Method) ~[?:?]
	at jdk.internal.reflect.NativeMethodAccessorImpl.invoke(NativeMethodAccessorImpl.java:62) ~[?:?]
	at jdk.internal.reflect.DelegatingMethodAccessorImpl.invoke(DelegatingMethodAccessorImpl.java:43) ~[?:?]
	at java.lang.reflect.Method.invoke(Method.java:566) ~[?:?]
	at org.springframework.web.method.support.InvocableHandlerMethod.doInvoke(InvocableHandlerMethod.java:197) ~[spring-web-5.3.8.jar:5.3.8]
	at org.springframework.web.method.support.InvocableHandlerMethod.invokeForRequest(InvocableHandlerMethod.java:141) ~[spring-web-5.3.8.jar:5.3.8]
	at org.springframework.web.servlet.mvc.method.annotation.ServletInvocableHandlerMethod.invokeAndHandle(ServletInvocableHandlerMethod.java:106) ~[spring-webmvc-5.3.8.jar:5.3.8]
	at org.springframework.web.servlet.mvc.method.annotation.RequestMappingHandlerAdapter.invokeHandlerMethod(RequestMappingHandlerAdapter.java:894) ~[spring-webmvc-5.3.8.jar:5.3.8]
	at org.springframework.web.servlet.mvc.method.annotation.RequestMappingHandlerAdapter.handleInternal(RequestMappingHandlerAdapter.java:808) ~[spring-webmvc-5.3.8.jar:5.3.8]
	at org.springframework.web.servlet.mvc.method.AbstractHandlerMethodAdapter.handle(AbstractHandlerMethodAdapter.java:87) ~[spring-webmvc-5.3.8.jar:5.3.8]
	at org.springframework.web.servlet.DispatcherServlet.doDispatch(DispatcherServlet.java:1063) ~[spring-webmvc-5.3.8.jar:5.3.8]
	at org.springframework.web.servlet.DispatcherServlet.doService(DispatcherServlet.java:963) ~[spring-webmvc-5.3.8.jar:5.3.8]
	at org.springframework.web.servlet.FrameworkServlet.processRequest(FrameworkServlet.java:1006) ~[spring-webmvc-5.3.8.jar:5.3.8]
	at org.springframework.web.servlet.FrameworkServlet.doPost(FrameworkServlet.java:909) ~[spring-webmvc-5.3.8.jar:5.3.8]
	at javax.servlet.http.HttpServlet.service(HttpServlet.java:681) ~[tomcat-embed-core-9.0.48.jar:4.0.FR]
	at org.springframework.web.servlet.FrameworkServlet.service(FrameworkServlet.java:883) ~[spring-webmvc-5.3.8.jar:5.3.8]
	at javax.servlet.http.HttpServlet.service(HttpServlet.java:764) ~[tomcat-embed-core-9.0.48.jar:4.0.FR]
	at org.apache.catalina.core.ApplicationFilterChain.internalDoFilter(ApplicationFilterChain.java:228) ~[tomcat-embed-core-9.0.48.jar:9.0.48]
	at org.apache.catalina.core.ApplicationFilterChain.doFilter(ApplicationFilterChain.java:163) ~[tomcat-embed-core-9.0.48.jar:9.0.48]
	at org.apache.tomcat.websocket.server.WsFilter.doFilter(WsFilter.java:53) ~[tomcat-embed-websocket-9.0.48.jar:9.0.48]
	at org.apache.catalina.core.ApplicationFilterChain.internalDoFilter(ApplicationFilterChain.java:190) ~[tomcat-embed-core-9.0.48.jar:9.0.48]
	at org.apache.catalina.core.ApplicationFilterChain.doFilter(ApplicationFilterChain.java:163) ~[tomcat-embed-core-9.0.48.jar:9.0.48]
	at org.springframework.web.filter.HiddenHttpMethodFilter.doFilterInternal(HiddenHttpMethodFilter.java:94) ~[spring-web-5.3.8.jar:5.3.8]
	at org.springframework.web.filter.OncePerRequestFilter.doFilter(OncePerRequestFilter.java:119) ~[spring-web-5.3.8.jar:5.3.8]
	at org.apache.catalina.core.ApplicationFilterChain.internalDoFilter(ApplicationFilterChain.java:190) ~[tomcat-embed-core-9.0.48.jar:9.0.48]
	at org.apache.catalina.core.ApplicationFilterChain.doFilter(ApplicationFilterChain.java:163) ~[tomcat-embed-core-9.0.48.jar:9.0.48]
	at org.springframework.web.filter.RequestContextFilter.doFilterInternal(RequestContextFilter.java:100) ~[spring-web-5.3.8.jar:5.3.8]
	at org.springframework.web.filter.OncePerRequestFilter.doFilter(OncePerRequestFilter.java:119) ~[spring-web-5.3.8.jar:5.3.8]
	at org.apache.catalina.core.ApplicationFilterChain.internalDoFilter(ApplicationFilterChain.java:190) ~[tomcat-embed-core-9.0.48.jar:9.0.48]
	at org.apache.catalina.core.ApplicationFilterChain.doFilter(ApplicationFilterChain.java:163) ~[tomcat-embed-core-9.0.48.jar:9.0.48]
	at org.springframework.web.filter.FormContentFilter.doFilterInternal(FormContentFilter.java:93) ~[spring-web-5.3.8.jar:5.3.8]
	at org.springframework.web.filter.OncePerRequestFilter.doFilter(OncePerRequestFilter.java:119) ~[spring-web-5.3.8.jar:5.3.8]
	at org.apache.catalina.core.ApplicationFilterChain.internalDoFilter(ApplicationFilterChain.java:190) ~[tomcat-embed-core-9.0.48.jar:9.0.48]
	at org.apache.catalina.core.ApplicationFilterChain.doFilter(ApplicationFilterChain.java:163) ~[tomcat-embed-core-9.0.48.jar:9.0.48]
	at org.springframework.web.filter.CharacterEncodingFilter.doFilterInternal(CharacterEncodingFilter.java:201) ~[spring-web-5.3.8.jar:5.3.8]
	at org.springframework.web.filter.OncePerRequestFilter.doFilter(OncePerRequestFilter.java:119) ~[spring-web-5.3.8.jar:5.3.8]
	at org.apache.catalina.core.ApplicationFilterChain.internalDoFilter(ApplicationFilterChain.java:190) ~[tomcat-embed-core-9.0.48.jar:9.0.48]
	at org.apache.catalina.core.ApplicationFilterChain.doFilter(ApplicationFilterChain.java:163) ~[tomcat-embed-core-9.0.48.jar:9.0.48]
	at org.apache.catalina.core.StandardWrapperValve.invoke(StandardWrapperValve.java:202) [tomcat-embed-core-9.0.48.jar:9.0.48]
	at org.apache.catalina.core.StandardContextValve.invoke(StandardContextValve.java:97) [tomcat-embed-core-9.0.48.jar:9.0.48]
	at org.apache.catalina.authenticator.AuthenticatorBase.invoke(AuthenticatorBase.java:542) [tomcat-embed-core-9.0.48.jar:9.0.48]
	at org.apache.catalina.core.StandardHostValve.invoke(StandardHostValve.java:143) [tomcat-embed-core-9.0.48.jar:9.0.48]
	at org.apache.catalina.valves.ErrorReportValve.invoke(ErrorReportValve.java:92) [tomcat-embed-core-9.0.48.jar:9.0.48]
	at org.apache.catalina.core.StandardEngineValve.invoke(StandardEngineValve.java:78) [tomcat-embed-core-9.0.48.jar:9.0.48]
	at org.apache.catalina.connector.CoyoteAdapter.service(CoyoteAdapter.java:357) [tomcat-embed-core-9.0.48.jar:9.0.48]
	at org.apache.coyote.http11.Http11Processor.service(Http11Processor.java:382) [tomcat-embed-core-9.0.48.jar:9.0.48]
	at org.apache.coyote.AbstractProcessorLight.process(AbstractProcessorLight.java:65) [tomcat-embed-core-9.0.48.jar:9.0.48]
	at org.apache.coyote.AbstractProtocol$ConnectionHandler.process(AbstractProtocol.java:893) [tomcat-embed-core-9.0.48.jar:9.0.48]
	at org.apache.tomcat.util.net.NioEndpoint$SocketProcessor.doRun(NioEndpoint.java:1723) [tomcat-embed-core-9.0.48.jar:9.0.48]
	at org.apache.tomcat.util.net.SocketProcessorBase.run(SocketProcessorBase.java:49) [tomcat-embed-core-9.0.48.jar:9.0.48]
	at java.util.concurrent.ThreadPoolExecutor.runWorker(ThreadPoolExecutor.java:1128) [?:?]
	at java.util.concurrent.ThreadPoolExecutor$Worker.run(ThreadPoolExecutor.java:628) [?:?]
	at org.apache.tomcat.util.threads.TaskThread$WrappingRunnable.run(TaskThread.java:61) [tomcat-embed-core-9.0.48.jar:9.0.48]
	at java.lang.Thread.run(Thread.java:834) [?:?]
2021-09-11 06:55:59:747 [INFO ] [c.z.h.HikariDataSource] [SpringApplicationShutdownHook] - HikariPool-1 - Shutdown initiated...
2021-09-11 06:55:59:759 [INFO ] [c.z.h.HikariDataSource] [SpringApplicationShutdownHook] - HikariPool-1 - Shutdown completed.
2021-09-11 06:56:04:136 [INFO ] [o.h.v.i.u.Version] [background-preinit] - HV000001: Hibernate Validator 6.2.0.Final
2021-09-11 06:56:04:180 [INFO ] [o.s.b.StartupInfoLogger] [restartedMain] - Starting EnvironmentApplication using Java 11.0.10 on DESKTOP-DG4VNB1 with PID 19816 (C:\Users\tntnq\OneDrive\바탕 화면\동아리프로젝트\EnvironmentProject-2021\DevelopTest\passion1\build\classes\java\main started by tntnq in C:\Users\tntnq\OneDrive\바탕 화면\동아리프로젝트\EnvironmentProject-2021\DevelopTest\passion1)
2021-09-11 06:56:04:183 [INFO ] [o.s.b.SpringApplication] [restartedMain] - The following profiles are active: oauth
2021-09-11 06:56:04:225 [INFO ] [o.s.b.l.DeferredLog] [restartedMain] - The Class-Path manifest attribute in C:\Users\tntnq\.gradle\caches\modules-2\files-2.1\com.oracle.database.jdbc\ojdbc8\21.1.0.0\50044485aea10afd7defeee8109c5195b4d3cae2\ojdbc8-21.1.0.0.jar referenced one or more files that do not exist: file:/C:/Users/tntnq/.gradle/caches/modules-2/files-2.1/com.oracle.database.jdbc/ojdbc8/21.1.0.0/50044485aea10afd7defeee8109c5195b4d3cae2/oraclepki.jar
2021-09-11 06:56:04:226 [INFO ] [o.s.b.l.DeferredLog] [restartedMain] - Devtools property defaults active! Set 'spring.devtools.add-properties' to 'false' to disable
2021-09-11 06:56:04:226 [INFO ] [o.s.b.l.DeferredLog] [restartedMain] - For additional web related logging consider setting the 'logging.level.web' property to 'DEBUG'
2021-09-11 06:56:04:994 [INFO ] [o.s.d.r.c.RepositoryConfigurationDelegate] [restartedMain] - Bootstrapping Spring Data JDBC repositories in DEFAULT mode.
2021-09-11 06:56:05:019 [INFO ] [o.s.d.r.c.RepositoryConfigurationDelegate] [restartedMain] - Finished Spring Data repository scanning in 19 ms. Found 0 JDBC repository interfaces.
2021-09-11 06:56:05:194 [WARN ] [o.m.l.Logger] [restartedMain] - No MyBatis mapper was found in '[passion.springboot.environment]' package. Please check your configuration.
2021-09-11 06:56:05:652 [INFO ] [o.s.b.w.e.t.TomcatWebServer] [restartedMain] - Tomcat initialized with port(s): 8888 (http)
2021-09-11 06:56:05:663 [INFO ] [o.a.j.l.DirectJDKLog] [restartedMain] - Initializing ProtocolHandler ["http-nio-8888"]
2021-09-11 06:56:05:663 [INFO ] [o.a.j.l.DirectJDKLog] [restartedMain] - Starting service [Tomcat]
2021-09-11 06:56:05:664 [INFO ] [o.a.j.l.DirectJDKLog] [restartedMain] - Starting Servlet engine: [Apache Tomcat/9.0.48]
2021-09-11 06:56:05:761 [INFO ] [o.a.j.l.DirectJDKLog] [restartedMain] - Initializing Spring embedded WebApplicationContext
2021-09-11 06:56:05:761 [INFO ] [o.s.b.w.s.c.ServletWebServerApplicationContext] [restartedMain] - Root WebApplicationContext: initialization completed in 1534 ms
2021-09-11 06:56:05:857 [INFO ] [c.z.h.HikariDataSource] [restartedMain] - HikariPool-1 - Starting...
2021-09-11 06:56:06:063 [INFO ] [c.z.h.HikariDataSource] [restartedMain] - HikariPool-1 - Start completed.
2021-09-11 06:56:06:774 [INFO ] [o.s.b.d.a.OptionalLiveReloadServer] [restartedMain] - LiveReload server is running on port 35729
2021-09-11 06:56:06:791 [INFO ] [o.a.j.l.DirectJDKLog] [restartedMain] - Starting ProtocolHandler ["http-nio-8888"]
2021-09-11 06:56:06:803 [INFO ] [o.s.b.w.e.t.TomcatWebServer] [restartedMain] - Tomcat started on port(s): 8888 (http) with context path ''
2021-09-11 06:56:06:814 [INFO ] [o.s.b.StartupInfoLogger] [restartedMain] - Started EnvironmentApplication in 3.049 seconds (JVM running for 4.766)
2021-09-11 06:56:09:235 [INFO ] [c.z.h.HikariDataSource] [SpringApplicationShutdownHook] - HikariPool-1 - Shutdown initiated...
2021-09-11 06:56:09:243 [INFO ] [c.z.h.HikariDataSource] [SpringApplicationShutdownHook] - HikariPool-1 - Shutdown completed.
2021-09-13 03:31:38:150 [INFO ] [o.h.v.i.u.Version] [background-preinit] - HV000001: Hibernate Validator 6.2.0.Final
2021-09-13 03:31:38:225 [INFO ] [o.s.b.StartupInfoLogger] [restartedMain] - Starting EnvironmentApplication using Java 11.0.10 on DESKTOP-DG4VNB1 with PID 13836 (C:\Users\tntnq\OneDrive\바탕 화면\passion1\build\classes\java\main started by tntnq in C:\Users\tntnq\OneDrive\바탕 화면\passion1)
2021-09-13 03:31:38:235 [INFO ] [o.s.b.SpringApplication] [restartedMain] - The following profiles are active: oauth
2021-09-13 03:31:38:311 [INFO ] [o.s.b.l.DeferredLog] [restartedMain] - The Class-Path manifest attribute in C:\Users\tntnq\.gradle\caches\modules-2\files-2.1\com.oracle.database.jdbc\ojdbc8\21.1.0.0\50044485aea10afd7defeee8109c5195b4d3cae2\ojdbc8-21.1.0.0.jar referenced one or more files that do not exist: file:/C:/Users/tntnq/.gradle/caches/modules-2/files-2.1/com.oracle.database.jdbc/ojdbc8/21.1.0.0/50044485aea10afd7defeee8109c5195b4d3cae2/oraclepki.jar
2021-09-13 03:31:38:312 [INFO ] [o.s.b.l.DeferredLog] [restartedMain] - Devtools property defaults active! Set 'spring.devtools.add-properties' to 'false' to disable
2021-09-13 03:31:38:312 [INFO ] [o.s.b.l.DeferredLog] [restartedMain] - For additional web related logging consider setting the 'logging.level.web' property to 'DEBUG'
2021-09-13 03:31:39:332 [INFO ] [o.s.d.r.c.RepositoryConfigurationDelegate] [restartedMain] - Bootstrapping Spring Data JDBC repositories in DEFAULT mode.
2021-09-13 03:31:39:357 [INFO ] [o.s.d.r.c.RepositoryConfigurationDelegate] [restartedMain] - Finished Spring Data repository scanning in 20 ms. Found 0 JDBC repository interfaces.
2021-09-13 03:31:39:496 [WARN ] [o.m.l.Logger] [restartedMain] - No MyBatis mapper was found in '[passion.springboot.environment]' package. Please check your configuration.
2021-09-13 03:31:39:958 [INFO ] [o.s.b.w.e.t.TomcatWebServer] [restartedMain] - Tomcat initialized with port(s): 8888 (http)
2021-09-13 03:31:39:969 [INFO ] [o.a.j.l.DirectJDKLog] [restartedMain] - Initializing ProtocolHandler ["http-nio-8888"]
2021-09-13 03:31:39:969 [INFO ] [o.a.j.l.DirectJDKLog] [restartedMain] - Starting service [Tomcat]
2021-09-13 03:31:39:970 [INFO ] [o.a.j.l.DirectJDKLog] [restartedMain] - Starting Servlet engine: [Apache Tomcat/9.0.48]
2021-09-13 03:31:40:079 [INFO ] [o.a.j.l.DirectJDKLog] [restartedMain] - Initializing Spring embedded WebApplicationContext
2021-09-13 03:31:40:079 [INFO ] [o.s.b.w.s.c.ServletWebServerApplicationContext] [restartedMain] - Root WebApplicationContext: initialization completed in 1766 ms
2021-09-13 03:31:40:190 [INFO ] [c.z.h.HikariDataSource] [restartedMain] - HikariPool-1 - Starting...
2021-09-13 03:31:40:450 [INFO ] [c.z.h.HikariDataSource] [restartedMain] - HikariPool-1 - Start completed.
2021-09-13 03:31:41:212 [INFO ] [o.s.b.d.a.OptionalLiveReloadServer] [restartedMain] - LiveReload server is running on port 35729
2021-09-13 03:31:41:230 [INFO ] [o.a.j.l.DirectJDKLog] [restartedMain] - Starting ProtocolHandler ["http-nio-8888"]
2021-09-13 03:31:41:243 [INFO ] [o.s.b.w.e.t.TomcatWebServer] [restartedMain] - Tomcat started on port(s): 8888 (http) with context path ''
2021-09-13 03:31:41:254 [INFO ] [o.s.b.StartupInfoLogger] [restartedMain] - Started EnvironmentApplication in 3.853 seconds (JVM running for 6.573)
2021-09-13 03:32:12:886 [INFO ] [o.a.j.l.DirectJDKLog] [http-nio-8888-exec-1] - Initializing Spring DispatcherServlet 'dispatcherServlet'
2021-09-13 03:32:12:887 [INFO ] [o.s.w.s.FrameworkServlet] [http-nio-8888-exec-1] - Initializing Servlet 'dispatcherServlet'
2021-09-13 03:32:12:888 [INFO ] [o.s.w.s.FrameworkServlet] [http-nio-8888-exec-1] - Completed initialization in 1 ms
2021-09-13 06:13:55:909 [INFO ] [c.z.h.HikariDataSource] [SpringApplicationShutdownHook] - HikariPool-1 - Shutdown initiated...
2021-09-13 06:13:55:919 [INFO ] [c.z.h.HikariDataSource] [SpringApplicationShutdownHook] - HikariPool-1 - Shutdown completed.
